<?xml version="1.0" encoding="UTF-8"?>
<!-- Generated by org.testng.reporters.JUnitReportReporter -->
<testsuite hostname="GGIPLs-MacBook-Pro-336.local" failures="0" tests="1" name="tests.PBSTest" time="35.414" errors="0" timestamp="2025-10-27T18:01:41 IST" skipped="0">
  <testcase classname="tests.PBSTest" name="e2eHappyPathTestForCommandUpgradeSLF" time="35.414"/>
</testsuite> <!-- tests.PBSTest -->
