<?xml version="1.0" encoding="UTF-8"?>
<!-- Generated by org.testng.reporters.JUnitReportReporter -->
<testsuite hostname="GGIPLs-MacBook-Pro-379.local" failures="0" tests="1" name="tests.PBSTest" time="222.077" errors="0" timestamp="2025-10-29T15:56:19 IST" skipped="0">
  <testcase classname="tests.PBSTest" name="validateReportDownloadAsZipWhenSingleCheckboxSelected" time="222.077"/>
</testsuite> <!-- tests.PBSTest -->
