<?xml version="1.0" encoding="UTF-8"?>
<!-- Generated by org.testng.reporters.JUnitReportReporter -->
<testsuite hostname="GGIPLs-MacBook-Pro-408.local" failures="0" tests="1" name="tests.CATII_III_Test" time="77.900" errors="0" timestamp="2025-10-31T17:08:13 IST" skipped="0">
  <testcase classname="tests.CATII_III_Test" name="validatePleaseProvideAsignatureFirst" time="77.900"/>
</testsuite> <!-- tests.CATII_III_Test -->
