<?xml version="1.0" encoding="UTF-8"?>
<!-- Generated by org.testng.reporters.JUnitReportReporter -->
<testsuite hostname="GGIPLs-MacBook-Pro-217.local" failures="0" tests="1" name="tests.CommandUpGradeSLFTest" time="173.540" errors="0" timestamp="2025-10-09T16:32:00 IST" skipped="0">
  <testcase classname="tests.CommandUpGradeSLFTest" name="validateReportDownloadAsZipWhenSingleCheckboxSelected" time="173.540"/>
</testsuite> <!-- tests.CommandUpGradeSLFTest -->
