<?xml version="1.0" encoding="UTF-8"?>
<!-- Generated by org.testng.reporters.JUnitReportReporter -->
<testsuite hostname="GGIPLs-MacBook-Pro-217.local" failures="0" tests="1" name="tests.CommandUpGradeSLF" time="85.727" errors="0" timestamp="2025-09-26T15:54:38 IST" skipped="0">
  <testcase classname="tests.CommandUpGradeSLF" name="validateDataSubmissionPopup" time="85.727"/>
</testsuite> <!-- tests.CommandUpGradeSLF -->
