<?xml version="1.0" encoding="UTF-8"?>
<!-- Generated by org.testng.reporters.JUnitReportReporter -->
<testsuite hostname="GGIPLs-MacBook-Pro-379.local" failures="0" tests="1" name="tests.CATII_III_Test" time="57.927" errors="0" timestamp="2025-10-29T16:57:29 IST" skipped="0">
  <testcase classname="tests.CATII_III_Test" name="happyPathCA4041Test" time="57.927"/>
</testsuite> <!-- tests.CATII_III_Test -->
