<?xml version="1.0" encoding="UTF-8"?>
<!-- Generated by org.testng.reporters.JUnitReportReporter -->
<testsuite hostname="GGIPLs-MacBook-Pro-217.local" failures="0" tests="1" name="tests.CommandUpGradeSLF" time="71.275" errors="0" timestamp="2025-09-27T11:29:59 IST" skipped="0">
  <testcase classname="tests.CommandUpGradeSLF" name="validatePleaseEnterDuration" time="71.275"/>
</testsuite> <!-- tests.CommandUpGradeSLF -->
