<?xml version="1.0" encoding="UTF-8"?>
<!-- Generated by org.testng.reporters.JUnitReportReporter -->
<testsuite hostname="GGIPLs-MacBook-Pro-286.local" failures="0" tests="1" name="tests.CA40Test" time="47.201" errors="0" timestamp="2025-10-10T12:42:35 IST" skipped="0">
  <testcase classname="tests.CA40Test" name="test" time="47.201"/>
</testsuite> <!-- tests.CA40Test -->
