<?xml version="1.0" encoding="UTF-8"?>
<!-- Generated by org.testng.reporters.JUnitReportReporter -->
<testsuite hostname="GGIPLs-MacBook-Pro-286.local" failures="0" tests="1" name="tests.CA40Test" time="103.681" errors="0" timestamp="2025-10-10T18:08:07 IST" skipped="0">
  <testcase classname="tests.CA40Test" name="happyPathCA4041Test" time="103.681"/>
</testsuite> <!-- tests.CA40Test -->
