<?xml version="1.0" encoding="UTF-8"?>
<!-- Generated by org.testng.reporters.JUnitReportReporter -->
<testsuite hostname="GGIPLs-MacBook-Pro-217.local" failures="0" tests="1" name="tests.CommandUpGradeSLFTest" time="143.061" errors="0" timestamp="2025-10-06T17:02:30 IST" skipped="0">
  <testcase classname="tests.CommandUpGradeSLFTest" name="validateTraineeCanMarkFormForReview" time="143.061"/>
</testsuite> <!-- tests.CommandUpGradeSLFTest -->
