<?xml version="1.0" encoding="UTF-8"?>
<!-- Generated by org.testng.reporters.JUnitReportReporter -->
<testsuite hostname="GGIPLs-MacBook-Pro-336.local" failures="0" tests="1" name="tests.CA40Test" time="143.466" errors="0" timestamp="2025-10-23T19:04:05 IST" skipped="0">
  <testcase classname="tests.CA40Test" name="validateAdminCanMarkForReviewWithComments" time="143.466"/>
</testsuite> <!-- tests.CA40Test -->
