<?xml version="1.0" encoding="UTF-8"?>
<!-- Generated by org.testng.reporters.JUnitReportReporter -->
<testsuite hostname="GGIPLs-MacBook-Pro-217.local" failures="0" tests="1" name="tests.CommandUpGradeSLFTest" time="155.480" errors="0" timestamp="2025-10-09T12:00:51 IST" skipped="0">
  <testcase classname="tests.CommandUpGradeSLFTest" name="validateMarkForReviewButtonAbsentAfterTrainerSubmission" time="155.480"/>
</testsuite> <!-- tests.CommandUpGradeSLFTest -->
