<?xml version="1.0" encoding="UTF-8"?>
<!-- Generated by org.testng.reporters.JUnitReportReporter -->
<testsuite hostname="GGIPLs-MacBook-Pro-308.local" failures="0" tests="1" name="tests.CA40Test" time="102.716" errors="0" timestamp="2025-10-14T16:23:30 IST" skipped="0">
  <testcase classname="tests.CA40Test" name="happyPathCA4041Test" time="102.716"/>
</testsuite> <!-- tests.CA40Test -->
