<?xml version="1.0" encoding="UTF-8"?>
<!-- Generated by org.testng.reporters.JUnitReportReporter -->
<testsuite hostname="GGIPLs-MacBook-Pro-217.local" failures="0" tests="1" name="tests.CommandUpGradeSLF" time="76.525" errors="0" timestamp="2025-09-26T21:35:17 IST" skipped="0">
  <testcase classname="tests.CommandUpGradeSLF" name="shouldShowErrorWhenAddingCommentsWithoutSelectingOBs" time="76.525"/>
</testsuite> <!-- tests.CommandUpGradeSLF -->
