<?xml version="1.0" encoding="UTF-8"?>
<!-- Generated by org.testng.reporters.JUnitReportReporter -->
<testsuite hostname="GGIPLs-MacBook-Pro-217.local" failures="0" tests="1" name="tests.CommandUpGradeSLFTest" time="148.811" errors="0" timestamp="2025-10-08T17:54:18 IST" skipped="0">
  <testcase classname="tests.CommandUpGradeSLFTest" name="validateAdminCanMarkForReviewWithComments" time="148.811"/>
</testsuite> <!-- tests.CommandUpGradeSLFTest -->
