<?xml version="1.0" encoding="UTF-8"?>
<!-- Generated by org.testng.reporters.JUnitReportReporter -->
<testsuite hostname="GGIPLs-MacBook-Pro-217.local" failures="0" tests="1" name="tests.CommandUpGradeSLFTest" time="144.773" errors="0" timestamp="2025-10-09T16:28:58 IST" skipped="0">
  <testcase classname="tests.CommandUpGradeSLFTest" name="validateReportsDownloadAsZipWhenMultipleCheckboxesSelected" time="144.773"/>
</testsuite> <!-- tests.CommandUpGradeSLFTest -->
